<?xml version="1.0" encoding="UTF-8"?>
<!-- Generated by org.testng.reporters.JUnitXMLReporter -->
<testsuite hostname="DESKTOP-545D5VP" ignored="0" name="ExtentTestDemoChrome" tests="3" failures="1" timestamp="2021-11-12T13:19:40 IST" time="19.023" errors="0">
  <testcase name="validateFaceBookLogo" time="7.47" classname="Selenium.DockerSeleniumGridDemo.FaceBookLogoTest"/>
  <testcase name="validateHRMPageTitle" time="9.342" classname="Selenium.DockerSeleniumGridDemo.OrangeHRMTest"/>
  <testcase name="validateGooglesearch" time="13.517" classname="Selenium.DockerSeleniumGridDemo.GoogleTest">
    <failure type="java.lang.AssertionError" message="expected [true] but found [false]">
      <![CDATA[java.lang.AssertionError: expected [true] but found [false]
at Selenium.DockerSeleniumGridDemo.GoogleTest.validateGooglesearch(GoogleTest.java:30)
at java.util.concurrent.ThreadPoolExecutor.runWorker(ThreadPoolExecutor.java:1149)
at java.util.concurrent.ThreadPoolExecutor$Worker.run(ThreadPoolExecutor.java:624)
at java.lang.Thread.run(Thread.java:748)
... Removed 16 stack frames]]>
    </failure>
  </testcase> <!-- validateGooglesearch -->
</testsuite> <!-- ExtentTestDemoChrome -->
