<?xml version="1.0" encoding="UTF-8"?>
<testng-results skipped="0" failed="1" ignored="0" total="3" passed="2">
  <reporter-output>
  </reporter-output>
  <suite name="Suite" duration-ms="19023" started-at="2021-11-12T13:19:21 IST" finished-at="2021-11-12T13:19:40 IST">
    <groups>
    </groups>
    <test name="ExtentTestDemoChrome" duration-ms="19023" started-at="2021-11-12T13:19:21 IST" finished-at="2021-11-12T13:19:40 IST">
      <class name="Selenium.DockerSeleniumGridDemo.GoogleTest">
        <test-method status="PASS" signature="setupTest(java.lang.String)[pri:0, instance:Selenium.DockerSeleniumGridDemo.GoogleTest@516be40f]" name="setupTest" is-config="true" duration-ms="5319" started-at="2021-11-12T13:19:21 IST" finished-at="2021-11-12T13:19:26 IST">
          <params>
            <param index="0">
              <value>
                <![CDATA[chrome]]>
              </value>
            </param>
          </params>
          <reporter-output>
          </reporter-output>
        </test-method> <!-- setupTest -->
        <test-method status="FAIL" signature="validateGooglesearch()[pri:0, instance:Selenium.DockerSeleniumGridDemo.GoogleTest@516be40f]" name="validateGooglesearch" duration-ms="13517" started-at="2021-11-12T13:19:26 IST" finished-at="2021-11-12T13:19:39 IST">
          <exception class="java.lang.AssertionError">
            <message>
              <![CDATA[expected [true] but found [false]]]>
            </message>
            <full-stacktrace>
              <![CDATA[java.lang.AssertionError: expected [true] but found [false]
at org.testng.Assert.fail(Assert.java:97)
at org.testng.Assert.failNotEquals(Assert.java:969)
at org.testng.Assert.assertTrue(Assert.java:43)
at org.testng.Assert.assertTrue(Assert.java:53)
at Selenium.DockerSeleniumGridDemo.GoogleTest.validateGooglesearch(GoogleTest.java:30)
at sun.reflect.NativeMethodAccessorImpl.invoke0(Native Method)
at sun.reflect.NativeMethodAccessorImpl.invoke(NativeMethodAccessorImpl.java:62)
at sun.reflect.DelegatingMethodAccessorImpl.invoke(DelegatingMethodAccessorImpl.java:43)
at java.lang.reflect.Method.invoke(Method.java:498)
at org.testng.internal.MethodInvocationHelper.invokeMethod(MethodInvocationHelper.java:134)
at org.testng.internal.TestInvoker.invokeMethod(TestInvoker.java:597)
at org.testng.internal.TestInvoker.invokeTestMethod(TestInvoker.java:173)
at org.testng.internal.MethodRunner.runInSequence(MethodRunner.java:46)
at org.testng.internal.TestInvoker$MethodInvocationAgent.invoke(TestInvoker.java:816)
at org.testng.internal.TestInvoker.invokeTestMethods(TestInvoker.java:146)
at org.testng.internal.TestMethodWorker.invokeTestMethods(TestMethodWorker.java:146)
at org.testng.internal.TestMethodWorker.run(TestMethodWorker.java:128)
at java.util.concurrent.ThreadPoolExecutor.runWorker(ThreadPoolExecutor.java:1149)
at java.util.concurrent.ThreadPoolExecutor$Worker.run(ThreadPoolExecutor.java:624)
at java.lang.Thread.run(Thread.java:748)
]]>
            </full-stacktrace>
          </exception> <!-- java.lang.AssertionError -->
          <reporter-output>
          </reporter-output>
        </test-method> <!-- validateGooglesearch -->
        <test-method status="PASS" signature="tearDown()[pri:0, instance:Selenium.DockerSeleniumGridDemo.GoogleTest@516be40f]" name="tearDown" is-config="true" duration-ms="145" started-at="2021-11-12T13:19:39 IST" finished-at="2021-11-12T13:19:40 IST">
          <reporter-output>
          </reporter-output>
        </test-method> <!-- tearDown -->
        <test-method status="PASS" signature="terminate()[pri:0, instance:Selenium.DockerSeleniumGridDemo.GoogleTest@516be40f]" name="terminate" is-config="true" duration-ms="0" started-at="2021-11-12T13:19:40 IST" finished-at="2021-11-12T13:19:40 IST">
          <reporter-output>
          </reporter-output>
        </test-method> <!-- terminate -->
      </class> <!-- Selenium.DockerSeleniumGridDemo.GoogleTest -->
      <class name="Selenium.DockerSeleniumGridDemo.FaceBookLogoTest">
        <test-method status="PASS" signature="setupTest(java.lang.String)[pri:0, instance:Selenium.DockerSeleniumGridDemo.FaceBookLogoTest@473b46c3]" name="setupTest" is-config="true" duration-ms="5301" started-at="2021-11-12T13:19:21 IST" finished-at="2021-11-12T13:19:26 IST">
          <params>
            <param index="0">
              <value>
                <![CDATA[chrome]]>
              </value>
            </param>
          </params>
          <reporter-output>
          </reporter-output>
        </test-method> <!-- setupTest -->
        <test-method status="PASS" signature="validateFaceBookLogo()[pri:0, instance:Selenium.DockerSeleniumGridDemo.FaceBookLogoTest@473b46c3]" name="validateFaceBookLogo" duration-ms="7470" started-at="2021-11-12T13:19:26 IST" finished-at="2021-11-12T13:19:33 IST">
          <reporter-output>
          </reporter-output>
        </test-method> <!-- validateFaceBookLogo -->
        <test-method status="PASS" signature="tearDown()[pri:0, instance:Selenium.DockerSeleniumGridDemo.FaceBookLogoTest@473b46c3]" name="tearDown" is-config="true" duration-ms="88" started-at="2021-11-12T13:19:33 IST" finished-at="2021-11-12T13:19:34 IST">
          <reporter-output>
          </reporter-output>
        </test-method> <!-- tearDown -->
        <test-method status="PASS" signature="terminate()[pri:0, instance:Selenium.DockerSeleniumGridDemo.FaceBookLogoTest@473b46c3]" name="terminate" is-config="true" duration-ms="0" started-at="2021-11-12T13:19:34 IST" finished-at="2021-11-12T13:19:34 IST">
          <reporter-output>
          </reporter-output>
        </test-method> <!-- terminate -->
      </class> <!-- Selenium.DockerSeleniumGridDemo.FaceBookLogoTest -->
      <class name="Selenium.DockerSeleniumGridDemo.OrangeHRMTest">
        <test-method status="PASS" signature="setupTest(java.lang.String)[pri:0, instance:Selenium.DockerSeleniumGridDemo.OrangeHRMTest@15d9bc04]" name="setupTest" is-config="true" duration-ms="5338" started-at="2021-11-12T13:19:21 IST" finished-at="2021-11-12T13:19:26 IST">
          <params>
            <param index="0">
              <value>
                <![CDATA[chrome]]>
              </value>
            </param>
          </params>
          <reporter-output>
          </reporter-output>
        </test-method> <!-- setupTest -->
        <test-method status="PASS" signature="validateHRMPageTitle()[pri:0, instance:Selenium.DockerSeleniumGridDemo.OrangeHRMTest@15d9bc04]" name="validateHRMPageTitle" duration-ms="9342" started-at="2021-11-12T13:19:26 IST" finished-at="2021-11-12T13:19:35 IST">
          <reporter-output>
          </reporter-output>
        </test-method> <!-- validateHRMPageTitle -->
        <test-method status="PASS" signature="tearDown()[pri:0, instance:Selenium.DockerSeleniumGridDemo.OrangeHRMTest@15d9bc04]" name="tearDown" is-config="true" duration-ms="88" started-at="2021-11-12T13:19:35 IST" finished-at="2021-11-12T13:19:35 IST">
          <reporter-output>
          </reporter-output>
        </test-method> <!-- tearDown -->
        <test-method status="PASS" signature="terminate()[pri:0, instance:Selenium.DockerSeleniumGridDemo.OrangeHRMTest@15d9bc04]" name="terminate" is-config="true" duration-ms="0" started-at="2021-11-12T13:19:35 IST" finished-at="2021-11-12T13:19:35 IST">
          <reporter-output>
          </reporter-output>
        </test-method> <!-- terminate -->
      </class> <!-- Selenium.DockerSeleniumGridDemo.OrangeHRMTest -->
    </test> <!-- ExtentTestDemoChrome -->
  </suite> <!-- Suite -->
</testng-results>
